<?xml version="1.0" encoding="UTF-8"?>
<testsuite xmlns:xsi="http://www.w3.org/2001/XMLSchema-instance" xsi:noNamespaceSchemaLocation="https://maven.apache.org/surefire/maven-surefire-plugin/xsd/surefire-test-report.xsd" name="Group9.ContaMagicaTest" time="0.13" tests="18" errors="0" skipped="0" failures="0">
  <properties>
    <property name="sun.desktop" value="windows"/>
    <property name="awt.toolkit" value="sun.awt.windows.WToolkit"/>
    <property name="file.encoding.pkg" value="sun.io"/>
    <property name="java.specification.version" value="1.8"/>
    <property name="sun.cpu.isalist" value="amd64"/>
    <property name="sun.jnu.encoding" value="Cp1252"/>
    <property name="java.class.path" value="c:\Users\pedro\TesteUnitario\target\test-classes;c:\Users\pedro\TesteUnitario\target\classes;C:\Users\pedro\.m2\repository\org\apache\commons\commons-csv\1.8\commons-csv-1.8.jar;C:\Users\pedro\.m2\repository\org\junit\jupiter\junit-jupiter-engine\5.3.1\junit-jupiter-engine-5.3.1.jar;C:\Users\pedro\.m2\repository\org\apiguardian\apiguardian-api\1.0.0\apiguardian-api-1.0.0.jar;C:\Users\pedro\.m2\repository\org\junit\platform\junit-platform-engine\1.3.1\junit-platform-engine-1.3.1.jar;C:\Users\pedro\.m2\repository\org\junit\platform\junit-platform-commons\1.3.1\junit-platform-commons-1.3.1.jar;C:\Users\pedro\.m2\repository\org\opentest4j\opentest4j\1.1.1\opentest4j-1.1.1.jar;C:\Users\pedro\.m2\repository\org\junit\jupiter\junit-jupiter-api\5.3.1\junit-jupiter-api-5.3.1.jar;C:\Users\pedro\.m2\repository\org\junit\jupiter\junit-jupiter-params\5.1.0\junit-jupiter-params-5.1.0.jar;C:\Users\pedro\.m2\repository\org\mockito\mockito-all\1.9.5\mockito-all-1.9.5.jar;"/>
    <property name="java.vm.vendor" value="Oracle Corporation"/>
    <property name="sun.arch.data.model" value="64"/>
    <property name="user.variant" value=""/>
    <property name="java.vendor.url" value="http://java.oracle.com/"/>
    <property name="user.timezone" value="America/Sao_Paulo"/>
    <property name="java.vm.specification.version" value="1.8"/>
    <property name="os.name" value="Windows 10"/>
    <property name="user.country" value="US"/>
    <property name="sun.java.launcher" value="SUN_STANDARD"/>
    <property name="sun.boot.library.path" value="C:\Program Files\Java\jdk1.8.0_241\jre\bin"/>
    <property name="sun.java.command" value="C:\Users\pedro\AppData\Local\Temp\surefire8700816120672363674\surefirebooter2267186479971879517.jar C:\Users\pedro\AppData\Local\Temp\surefire8700816120672363674 2020-04-26T00-49-29_979-jvmRun1 surefire2016098012454997561tmp surefire_07100297848621221282tmp"/>
    <property name="surefire.test.class.path" value="c:\Users\pedro\TesteUnitario\target\test-classes;c:\Users\pedro\TesteUnitario\target\classes;C:\Users\pedro\.m2\repository\org\apache\commons\commons-csv\1.8\commons-csv-1.8.jar;C:\Users\pedro\.m2\repository\org\junit\jupiter\junit-jupiter-engine\5.3.1\junit-jupiter-engine-5.3.1.jar;C:\Users\pedro\.m2\repository\org\apiguardian\apiguardian-api\1.0.0\apiguardian-api-1.0.0.jar;C:\Users\pedro\.m2\repository\org\junit\platform\junit-platform-engine\1.3.1\junit-platform-engine-1.3.1.jar;C:\Users\pedro\.m2\repository\org\junit\platform\junit-platform-commons\1.3.1\junit-platform-commons-1.3.1.jar;C:\Users\pedro\.m2\repository\org\opentest4j\opentest4j\1.1.1\opentest4j-1.1.1.jar;C:\Users\pedro\.m2\repository\org\junit\jupiter\junit-jupiter-api\5.3.1\junit-jupiter-api-5.3.1.jar;C:\Users\pedro\.m2\repository\org\junit\jupiter\junit-jupiter-params\5.1.0\junit-jupiter-params-5.1.0.jar;C:\Users\pedro\.m2\repository\org\mockito\mockito-all\1.9.5\mockito-all-1.9.5.jar;"/>
    <property name="sun.cpu.endian" value="little"/>
    <property name="user.home" value="C:\Users\pedro"/>
    <property name="user.language" value="en"/>
    <property name="java.specification.vendor" value="Oracle Corporation"/>
    <property name="java.home" value="C:\Program Files\Java\jdk1.8.0_241\jre"/>
    <property name="basedir" value="c:\Users\pedro\TesteUnitario"/>
    <property name="file.separator" value="\"/>
    <property name="line.separator" value="&#10;"/>
    <property name="java.vm.specification.vendor" value="Oracle Corporation"/>
    <property name="java.specification.name" value="Java Platform API Specification"/>
    <property name="java.awt.graphicsenv" value="sun.awt.Win32GraphicsEnvironment"/>
    <property name="surefire.real.class.path" value="C:\Users\pedro\AppData\Local\Temp\surefire8700816120672363674\surefirebooter2267186479971879517.jar;C:\\Users\\pedro\\.m2\\repository\\org\\jacoco\\org.jacoco.agent\\0.8.2\\org.jacoco.agent-0.8.2-runtime.jar"/>
    <property name="sun.boot.class.path" value="C:\Program Files\Java\jdk1.8.0_241\jre\lib\resources.jar;C:\Program Files\Java\jdk1.8.0_241\jre\lib\rt.jar;C:\Program Files\Java\jdk1.8.0_241\jre\lib\sunrsasign.jar;C:\Program Files\Java\jdk1.8.0_241\jre\lib\jsse.jar;C:\Program Files\Java\jdk1.8.0_241\jre\lib\jce.jar;C:\Program Files\Java\jdk1.8.0_241\jre\lib\charsets.jar;C:\Program Files\Java\jdk1.8.0_241\jre\lib\jfr.jar;C:\Program Files\Java\jdk1.8.0_241\jre\classes"/>
    <property name="user.script" value=""/>
    <property name="sun.management.compiler" value="HotSpot 64-Bit Tiered Compilers"/>
    <property name="java.runtime.version" value="1.8.0_241-b07"/>
    <property name="user.name" value="pedro"/>
    <property name="path.separator" value=";"/>
    <property name="os.version" value="10.0"/>
    <property name="java.endorsed.dirs" value="C:\Program Files\Java\jdk1.8.0_241\jre\lib\endorsed"/>
    <property name="java.runtime.name" value="Java(TM) SE Runtime Environment"/>
    <property name="file.encoding" value="Cp1252"/>
    <property name="java.vm.name" value="Java HotSpot(TM) 64-Bit Server VM"/>
    <property name="localRepository" value="C:\Users\pedro\.m2\repository"/>
    <property name="java.vendor.url.bug" value="http://bugreport.sun.com/bugreport/"/>
    <property name="java.io.tmpdir" value="C:\Users\pedro\AppData\Local\Temp\"/>
    <property name="java.version" value="1.8.0_241"/>
    <property name="user.dir" value="c:\Users\pedro\TesteUnitario"/>
    <property name="os.arch" value="amd64"/>
    <property name="java.vm.specification.name" value="Java Virtual Machine Specification"/>
    <property name="java.awt.printerjob" value="sun.awt.windows.WPrinterJob"/>
    <property name="sun.os.patch.level" value=""/>
    <property name="java.library.path" value="C:\Program Files\Java\jdk1.8.0_241\jre\bin;C:\Windows\Sun\Java\bin;C:\Windows\system32;C:\Windows;C:\Program Files (x86)\Common Files\Oracle\Java\javapath;C:\Program Files\Haskell\bin;D:\Haskell\8.6.5\lib\extralibs\bin;D:\Haskell\8.6.5\bin;C:\Program Files (x86)\Razer Chroma SDK\bin;C:\Program Files\Razer Chroma SDK\bin;C:\Program Files (x86)\Google\Chrome\Application;C:\Windows\system32;C:\Windows;C:\Windows\System32\Wbem;C:\Windows\System32\WindowsPowerShell\v1.0\;C:\Windows\System32\OpenSSH\;C:\Users\pedro\AppData\Local\Microsoft\WindowsApps;C:\Program Files (x86)\NVIDIA Corporation\PhysX\Common;C:\Program Files\NVIDIA Corporation\NVIDIA NvDLISR;D:\Haskell\8.6.5\mingw\bin;D:\GitHub\Git\cmd;C:\Program Files\Java\jdk1.8.0_241\bin;C:\Users\pedro\AppData\Roaming\cabal\bin;C:\Users\pedro\AppData\Roaming\local\bin;C:\Users\pedro\AppData\Local\Microsoft\WindowsApps;C:\Users\pedro\AppData\Local\Programs\Microsoft VS Code\bin;C:\Program Files\Java\jdk1.8.0_241\bin;D:\Maven\apache-maven-3.6.3\bin;;."/>
    <property name="java.vm.info" value="mixed mode"/>
    <property name="java.vendor" value="Oracle Corporation"/>
    <property name="java.vm.version" value="25.241-b07"/>
    <property name="java.ext.dirs" value="C:\Program Files\Java\jdk1.8.0_241\jre\lib\ext;C:\Windows\Sun\Java\lib\ext"/>
    <property name="sun.io.unicode.encoding" value="UnicodeLittle"/>
    <property name="java.class.version" value="52.0"/>
  </properties>
  <testcase name="retiradaStatusIgual0Test" classname="Group9.ContaMagicaTest" time="0.042"/>
  <testcase name="SaldoMaior200000DepositoStatusJump" classname="Group9.ContaMagicaTest" time="0.001"/>
  <testcase name="retiradaSaldoMenosValorMenor25000StatusIgual1Test" classname="Group9.ContaMagicaTest" time="0.001"/>
  <testcase name="SaldoMenor50000Status0Deposito" classname="Group9.ContaMagicaTest" time="0"/>
  <testcase name="retiradaSaldoMenosValorMaiorIgual25000StatusIgual1Test" classname="Group9.ContaMagicaTest" time="0.001"/>
  <testcase name="retiradaSaldoMenosValorMaiorIgual100000StatusIgual2Test" classname="Group9.ContaMagicaTest" time="0.001"/>
  <testcase name="retiradaSaldoMenosValorMenor0Test" classname="Group9.ContaMagicaTest" time="0.003"/>
  <testcase name="valorMenor0Deposito" classname="Group9.ContaMagicaTest" time="0"/>
  <testcase name="retiradaSaldoMenosValorMenor100000StatusIgual2Test" classname="Group9.ContaMagicaTest" time="0"/>
  <testcase name="SaldoMaior200000Status1Deposito" classname="Group9.ContaMagicaTest" time="0.011"/>
  <testcase name="getSaldoTest" classname="Group9.ContaMagicaTest" time="0"/>
  <testcase name="getStatusTest" classname="Group9.ContaMagicaTest" time="0"/>
  <testcase name="SaldoMenor200000Satus1Deposito" classname="Group9.ContaMagicaTest" time="0"/>
  <testcase name="retiradaValorMenor0Test" classname="Group9.ContaMagicaTest" time="0"/>
  <testcase name="SaldoMaior50000Status0Deposito" classname="Group9.ContaMagicaTest" time="0.007"/>
  <testcase name="Status2Deposito" classname="Group9.ContaMagicaTest" time="0.002"/>
  <testcase name="ThrowInStatus1" classname="Group9.ContaMagicaTest" time="0.005"/>
  <testcase name="ThrowInStatus2" classname="Group9.ContaMagicaTest" time="0.002"/>
</testsuite>